{"level":"\u001b[32minfo\u001b[39m","message":"{\"method\":\"GET\",\"url\":\"/api/v1/auth/check-auth\",\"status\":\"304\",\"responseTime\":\"388.215\"}","timestamp":"2025-04-20T03:03:15.375Z"}
{"level":"\u001b[32minfo\u001b[39m","message":"{\"method\":\"GET\",\"url\":\"/api/v1/auth/check-auth\",\"status\":\"304\",\"responseTime\":\"48.410\"}","timestamp":"2025-04-20T03:03:15.432Z"}
{"level":"\u001b[32minfo\u001b[39m","message":"{\"method\":\"GET\",\"url\":\"/api/v1/auth/logout\",\"status\":\"304\",\"responseTime\":\"2.421\"}","timestamp":"2025-04-20T03:03:17.694Z"}
{"level":"\u001b[32minfo\u001b[39m","message":"{\"method\":\"POST\",\"url\":\"/api/v1/auth/signup\",\"status\":\"200\",\"responseTime\":\"241.896\"}","timestamp":"2025-04-20T03:03:35.014Z"}
{"level":"\u001b[32minfo\u001b[39m","message":"{\"method\":\"GET\",\"url\":\"/api/v1/auth/check-auth\",\"status\":\"304\",\"responseTime\":\"53.703\"}","timestamp":"2025-04-20T03:03:55.915Z"}
{"level":"\u001b[32minfo\u001b[39m","message":"{\"method\":\"GET\",\"url\":\"/api/v1/auth/check-auth\",\"status\":\"304\",\"responseTime\":\"42.559\"}","timestamp":"2025-04-20T03:03:55.971Z"}
{"level":"\u001b[32minfo\u001b[39m","message":"{\"method\":\"GET\",\"url\":\"/api/v1/auth/check-auth\",\"status\":\"304\",\"responseTime\":\"129.944\"}","timestamp":"2025-04-20T03:07:06.350Z"}
{"level":"\u001b[32minfo\u001b[39m","message":"{\"method\":\"GET\",\"url\":\"/api/v1/auth/check-auth\",\"status\":\"304\",\"responseTime\":\"54.173\"}","timestamp":"2025-04-20T03:07:06.415Z"}
{"level":"\u001b[32minfo\u001b[39m","message":"{\"method\":\"GET\",\"url\":\"/api/v1/auth/check-auth\",\"status\":\"304\",\"responseTime\":\"121.921\"}","timestamp":"2025-04-20T03:15:08.336Z"}
{"level":"\u001b[32minfo\u001b[39m","message":"{\"method\":\"GET\",\"url\":\"/api/v1/auth/check-auth\",\"status\":\"304\",\"responseTime\":\"320.008\"}","timestamp":"2025-04-20T03:15:08.669Z"}
{"level":"\u001b[32minfo\u001b[39m","message":"{\"method\":\"GET\",\"url\":\"/api/v1/auth/check-auth\",\"status\":\"304\",\"responseTime\":\"54.686\"}","timestamp":"2025-04-20T03:15:09.964Z"}
{"level":"\u001b[32minfo\u001b[39m","message":"{\"method\":\"GET\",\"url\":\"/api/v1/auth/check-auth\",\"status\":\"304\",\"responseTime\":\"37.691\"}","timestamp":"2025-04-20T03:15:10.004Z"}
{"level":"\u001b[32minfo\u001b[39m","message":"{\"method\":\"GET\",\"url\":\"/api/v1/auth/check-auth\",\"status\":\"304\",\"responseTime\":\"70.759\"}","timestamp":"2025-04-20T03:15:22.688Z"}
{"level":"\u001b[32minfo\u001b[39m","message":"{\"method\":\"GET\",\"url\":\"/api/v1/auth/check-auth\",\"status\":\"304\",\"responseTime\":\"156.263\"}","timestamp":"2025-04-20T03:15:22.848Z"}
{"level":"\u001b[32minfo\u001b[39m","message":"{\"method\":\"GET\",\"url\":\"/api/v1/auth/check-auth\",\"status\":\"304\",\"responseTime\":\"143.082\"}","timestamp":"2025-04-20T03:16:00.715Z"}
{"level":"\u001b[32minfo\u001b[39m","message":"{\"method\":\"GET\",\"url\":\"/api/v1/auth/check-auth\",\"status\":\"304\",\"responseTime\":\"747.790\"}","timestamp":"2025-04-20T03:16:01.467Z"}
{"level":"\u001b[32minfo\u001b[39m","message":"{\"method\":\"GET\",\"url\":\"/api/v1/auth/check-auth\",\"status\":\"304\",\"responseTime\":\"55.237\"}","timestamp":"2025-04-20T03:18:05.657Z"}
{"level":"\u001b[32minfo\u001b[39m","message":"{\"method\":\"GET\",\"url\":\"/api/v1/auth/check-auth\",\"status\":\"304\",\"responseTime\":\"50.397\"}","timestamp":"2025-04-20T03:18:05.712Z"}
{"level":"\u001b[32minfo\u001b[39m","message":"{\"method\":\"GET\",\"url\":\"/api/v1/auth/check-auth\",\"status\":\"304\",\"responseTime\":\"41.791\"}","timestamp":"2025-04-20T03:19:19.723Z"}
{"level":"\u001b[32minfo\u001b[39m","message":"{\"method\":\"GET\",\"url\":\"/api/v1/auth/check-auth\",\"status\":\"304\",\"responseTime\":\"49.169\"}","timestamp":"2025-04-20T03:19:19.776Z"}
{"level":"\u001b[32minfo\u001b[39m","message":"{\"method\":\"GET\",\"url\":\"/api/v1/auth/check-auth\",\"status\":\"304\",\"responseTime\":\"63.869\"}","timestamp":"2025-04-20T03:19:30.589Z"}
{"level":"\u001b[32minfo\u001b[39m","message":"{\"method\":\"GET\",\"url\":\"/api/v1/auth/check-auth\",\"status\":\"304\",\"responseTime\":\"41.188\"}","timestamp":"2025-04-20T03:19:30.636Z"}
{"level":"\u001b[32minfo\u001b[39m","message":"{\"method\":\"GET\",\"url\":\"/api/v1/auth/check-auth\",\"status\":\"304\",\"responseTime\":\"57.010\"}","timestamp":"2025-04-20T03:19:51.049Z"}
{"level":"\u001b[32minfo\u001b[39m","message":"{\"method\":\"GET\",\"url\":\"/api/v1/auth/check-auth\",\"status\":\"304\",\"responseTime\":\"49.666\"}","timestamp":"2025-04-20T03:19:51.104Z"}
{"level":"\u001b[32minfo\u001b[39m","message":"{\"method\":\"GET\",\"url\":\"/api/v1/auth/check-auth\",\"status\":\"304\",\"responseTime\":\"131.831\"}","timestamp":"2025-04-20T03:21:58.253Z"}
{"level":"\u001b[32minfo\u001b[39m","message":"{\"method\":\"GET\",\"url\":\"/api/v1/auth/check-auth\",\"status\":\"304\",\"responseTime\":\"42.369\"}","timestamp":"2025-04-20T03:21:58.299Z"}
{"level":"\u001b[32minfo\u001b[39m","message":"{\"method\":\"GET\",\"url\":\"/api/v1/auth/check-auth\",\"status\":\"304\",\"responseTime\":\"39.876\"}","timestamp":"2025-04-20T03:22:24.457Z"}
{"level":"\u001b[32minfo\u001b[39m","message":"{\"method\":\"GET\",\"url\":\"/api/v1/auth/check-auth\",\"status\":\"304\",\"responseTime\":\"53.013\"}","timestamp":"2025-04-20T03:22:24.513Z"}
{"level":"\u001b[32minfo\u001b[39m","message":"{\"method\":\"GET\",\"url\":\"/api/v1/auth/check-auth\",\"status\":\"304\",\"responseTime\":\"97.281\"}","timestamp":"2025-04-20T03:46:14.764Z"}
{"level":"\u001b[32minfo\u001b[39m","message":"{\"method\":\"GET\",\"url\":\"/api/v1/auth/check-auth\",\"status\":\"304\",\"responseTime\":\"40.764\"}","timestamp":"2025-04-20T03:46:14.812Z"}
{"level":"\u001b[32minfo\u001b[39m","message":"{\"method\":\"GET\",\"url\":\"/api/v1/auth/check-auth\",\"status\":\"304\",\"responseTime\":\"46.494\"}","timestamp":"2025-04-20T03:47:02.973Z"}
{"level":"\u001b[32minfo\u001b[39m","message":"{\"method\":\"GET\",\"url\":\"/api/v1/auth/check-auth\",\"status\":\"304\",\"responseTime\":\"43.596\"}","timestamp":"2025-04-20T03:47:03.022Z"}
{"level":"\u001b[32minfo\u001b[39m","message":"{\"method\":\"GET\",\"url\":\"/api/v1/auth/check-auth\",\"status\":\"304\",\"responseTime\":\"439.706\"}","timestamp":"2025-04-20T03:47:35.908Z"}
{"level":"\u001b[32minfo\u001b[39m","message":"{\"method\":\"GET\",\"url\":\"/api/v1/auth/check-auth\",\"status\":\"304\",\"responseTime\":\"291.320\"}","timestamp":"2025-04-20T03:47:36.205Z"}
{"level":"\u001b[32minfo\u001b[39m","message":"{\"method\":\"GET\",\"url\":\"/api/v1/auth/check-auth\",\"status\":\"304\",\"responseTime\":\"60.678\"}","timestamp":"2025-04-20T03:48:13.970Z"}
{"level":"\u001b[32minfo\u001b[39m","message":"{\"method\":\"GET\",\"url\":\"/api/v1/auth/check-auth\",\"status\":\"304\",\"responseTime\":\"64.583\"}","timestamp":"2025-04-20T03:48:14.038Z"}
{"level":"\u001b[32minfo\u001b[39m","message":"{\"method\":\"POST\",\"url\":\"/api/v1/prediction/predict-mental-health\",\"status\":\"404\",\"responseTime\":\"34.289\"}","timestamp":"2025-04-20T03:49:56.594Z"}
{"level":"\u001b[32minfo\u001b[39m","message":"{\"method\":\"GET\",\"url\":\"/api/v1/prediction/predict-mental-health\",\"status\":\"500\",\"responseTime\":\"1448.343\"}","timestamp":"2025-04-20T03:50:03.544Z"}
{"level":"\u001b[32minfo\u001b[39m","message":"{\"method\":\"GET\",\"url\":\"/api/v1/prediction/predict-mental-health\",\"status\":\"500\",\"responseTime\":\"1226.350\"}","timestamp":"2025-04-20T03:51:51.014Z"}
{"level":"\u001b[32minfo\u001b[39m","message":"{\"method\":\"GET\",\"url\":\"/api/v1/prediction/predict-mental-health\",\"status\":\"200\",\"responseTime\":\"1330.036\"}","timestamp":"2025-04-20T03:54:18.763Z"}
{"level":"\u001b[32minfo\u001b[39m","message":"{\"method\":\"GET\",\"url\":\"/api/v1/auth/check-auth\",\"status\":\"304\",\"responseTime\":\"200.211\"}","timestamp":"2025-04-20T03:56:29.796Z"}
{"level":"\u001b[32minfo\u001b[39m","message":"{\"method\":\"GET\",\"url\":\"/api/v1/auth/check-auth\",\"status\":\"304\",\"responseTime\":\"145.762\"}","timestamp":"2025-04-20T03:56:29.946Z"}
{"level":"\u001b[32minfo\u001b[39m","message":"{\"method\":\"GET\",\"url\":\"/api/v1/auth/check-auth\",\"status\":\"304\",\"responseTime\":\"73.656\"}","timestamp":"2025-04-20T03:56:41.621Z"}
{"level":"\u001b[32minfo\u001b[39m","message":"{\"method\":\"GET\",\"url\":\"/api/v1/auth/check-auth\",\"status\":\"304\",\"responseTime\":\"85.590\"}","timestamp":"2025-04-20T03:56:41.710Z"}
{"level":"\u001b[32minfo\u001b[39m","message":"{\"method\":\"GET\",\"url\":\"/api/v1/auth/check-auth\",\"status\":\"304\",\"responseTime\":\"63.202\"}","timestamp":"2025-04-20T03:57:01.093Z"}
{"level":"\u001b[32minfo\u001b[39m","message":"{\"method\":\"GET\",\"url\":\"/api/v1/auth/check-auth\",\"status\":\"304\",\"responseTime\":\"60.280\"}","timestamp":"2025-04-20T03:57:01.158Z"}
{"level":"\u001b[32minfo\u001b[39m","message":"{\"method\":\"GET\",\"url\":\"/api/v1/predict-mental-health\",\"status\":\"404\",\"responseTime\":\"13.417\"}","timestamp":"2025-04-20T03:57:01.202Z"}
{"level":"\u001b[32minfo\u001b[39m","message":"{\"method\":\"GET\",\"url\":\"/api/v1/predict-mental-health\",\"status\":\"404\",\"responseTime\":\"7.528\"}","timestamp":"2025-04-20T03:57:01.218Z"}
{"level":"\u001b[32minfo\u001b[39m","message":"{\"method\":\"GET\",\"url\":\"/api/v1/auth/check-auth\",\"status\":\"304\",\"responseTime\":\"302.393\"}","timestamp":"2025-04-20T03:57:40.485Z"}
{"level":"\u001b[32minfo\u001b[39m","message":"{\"method\":\"GET\",\"url\":\"/api/v1/auth/check-auth\",\"status\":\"304\",\"responseTime\":\"324.063\"}","timestamp":"2025-04-20T03:57:40.818Z"}
{"level":"\u001b[32minfo\u001b[39m","message":"{\"method\":\"GET\",\"url\":\"/api/v1/prediction/predict-mental-health\",\"status\":\"200\",\"responseTime\":\"6954.968\"}","timestamp":"2025-04-20T03:57:47.522Z"}
{"level":"\u001b[32minfo\u001b[39m","message":"{\"method\":\"GET\",\"url\":\"/api/v1/prediction/predict-mental-health\",\"status\":\"304\",\"responseTime\":\"1445.554\"}","timestamp":"2025-04-20T03:57:48.972Z"}
{"level":"\u001b[32minfo\u001b[39m","message":"{\"method\":\"GET\",\"url\":\"/api/v1/auth/check-auth\",\"status\":\"304\",\"responseTime\":\"228.142\"}","timestamp":"2025-04-20T03:58:27.277Z"}
{"level":"\u001b[32minfo\u001b[39m","message":"{\"method\":\"GET\",\"url\":\"/api/v1/auth/check-auth\",\"status\":\"304\",\"responseTime\":\"454.554\"}","timestamp":"2025-04-20T03:58:27.740Z"}
{"level":"\u001b[32minfo\u001b[39m","message":"{\"method\":\"GET\",\"url\":\"/api/v1/prediction/predict-mental-health\",\"status\":\"304\",\"responseTime\":\"1736.421\"}","timestamp":"2025-04-20T03:58:29.095Z"}
{"level":"\u001b[32minfo\u001b[39m","message":"{\"method\":\"GET\",\"url\":\"/api/v1/prediction/predict-mental-health\",\"status\":\"304\",\"responseTime\":\"1095.922\"}","timestamp":"2025-04-20T03:58:30.195Z"}
{"level":"\u001b[32minfo\u001b[39m","message":"{\"method\":\"GET\",\"url\":\"/api/v1/auth/check-auth\",\"status\":\"304\",\"responseTime\":\"39.393\"}","timestamp":"2025-04-20T03:59:45.632Z"}
{"level":"\u001b[32minfo\u001b[39m","message":"{\"method\":\"GET\",\"url\":\"/api/v1/auth/check-auth\",\"status\":\"304\",\"responseTime\":\"46.817\"}","timestamp":"2025-04-20T03:59:45.697Z"}
{"level":"\u001b[32minfo\u001b[39m","message":"{\"method\":\"GET\",\"url\":\"/api/v1/prediction/predict-mental-health\",\"status\":\"304\",\"responseTime\":\"811.972\"}","timestamp":"2025-04-20T03:59:46.391Z"}
{"level":"\u001b[32minfo\u001b[39m","message":"{\"method\":\"GET\",\"url\":\"/api/v1/prediction/predict-mental-health\",\"status\":\"304\",\"responseTime\":\"1210.679\"}","timestamp":"2025-04-20T03:59:47.605Z"}
{"level":"\u001b[32minfo\u001b[39m","message":"{\"method\":\"GET\",\"url\":\"/api/v1/prediction/predict-mental-health\",\"status\":\"304\",\"responseTime\":\"680.304\"}","timestamp":"2025-04-20T03:59:48.288Z"}
{"level":"\u001b[32minfo\u001b[39m","message":"{\"method\":\"GET\",\"url\":\"/api/v1/prediction/predict-mental-health\",\"status\":\"304\",\"responseTime\":\"1145.036\"}","timestamp":"2025-04-20T03:59:49.438Z"}
{"level":"\u001b[32minfo\u001b[39m","message":"{\"method\":\"GET\",\"url\":\"/api/v1/auth/check-auth\",\"status\":\"304\",\"responseTime\":\"43.649\"}","timestamp":"2025-04-20T03:59:49.880Z"}
{"level":"\u001b[32minfo\u001b[39m","message":"{\"method\":\"GET\",\"url\":\"/api/v1/auth/check-auth\",\"status\":\"304\",\"responseTime\":\"46.236\"}","timestamp":"2025-04-20T03:59:49.929Z"}
{"level":"\u001b[32minfo\u001b[39m","message":"{\"method\":\"GET\",\"url\":\"/api/v1/prediction/predict-mental-health\",\"status\":\"304\",\"responseTime\":\"569.104\"}","timestamp":"2025-04-20T03:59:50.515Z"}
{"level":"\u001b[32minfo\u001b[39m","message":"{\"method\":\"GET\",\"url\":\"/api/v1/prediction/predict-mental-health\",\"status\":\"304\",\"responseTime\":\"1256.193\"}","timestamp":"2025-04-20T03:59:51.774Z"}
{"level":"\u001b[32minfo\u001b[39m","message":"{\"method\":\"GET\",\"url\":\"/api/v1/auth/check-auth\",\"status\":\"304\",\"responseTime\":\"43.955\"}","timestamp":"2025-04-20T04:00:06.676Z"}
{"level":"\u001b[32minfo\u001b[39m","message":"{\"method\":\"GET\",\"url\":\"/api/v1/auth/check-auth\",\"status\":\"304\",\"responseTime\":\"90.844\"}","timestamp":"2025-04-20T04:00:06.769Z"}
{"level":"\u001b[32minfo\u001b[39m","message":"{\"method\":\"GET\",\"url\":\"/api/v1/prediction/predict-mental-health\",\"status\":\"304\",\"responseTime\":\"1212.249\"}","timestamp":"2025-04-20T04:00:07.975Z"}
{"level":"\u001b[32minfo\u001b[39m","message":"{\"method\":\"GET\",\"url\":\"/api/v1/prediction/predict-mental-health\",\"status\":\"304\",\"responseTime\":\"1193.267\"}","timestamp":"2025-04-20T04:00:09.172Z"}
{"level":"\u001b[32minfo\u001b[39m","message":"{\"method\":\"GET\",\"url\":\"/api/v1/auth/check-auth\",\"status\":\"304\",\"responseTime\":\"40.854\"}","timestamp":"2025-04-20T04:00:17.383Z"}
{"level":"\u001b[32minfo\u001b[39m","message":"{\"method\":\"GET\",\"url\":\"/api/v1/auth/check-auth\",\"status\":\"304\",\"responseTime\":\"50.711\"}","timestamp":"2025-04-20T04:00:17.443Z"}
{"level":"\u001b[32minfo\u001b[39m","message":"{\"method\":\"GET\",\"url\":\"/api/v1/prediction/predict-mental-health\",\"status\":\"304\",\"responseTime\":\"709.103\"}","timestamp":"2025-04-20T04:00:18.192Z"}
{"level":"\u001b[32minfo\u001b[39m","message":"{\"method\":\"GET\",\"url\":\"/api/v1/prediction/predict-mental-health\",\"status\":\"304\",\"responseTime\":\"1249.268\"}","timestamp":"2025-04-20T04:00:19.455Z"}
{"level":"\u001b[32minfo\u001b[39m","message":"{\"method\":\"GET\",\"url\":\"/api/v1/auth/check-auth\",\"status\":\"304\",\"responseTime\":\"82.510\"}","timestamp":"2025-04-20T04:02:05.810Z"}
{"level":"\u001b[32minfo\u001b[39m","message":"{\"method\":\"GET\",\"url\":\"/api/v1/auth/check-auth\",\"status\":\"304\",\"responseTime\":\"42.881\"}","timestamp":"2025-04-20T04:02:05.874Z"}
{"level":"\u001b[32minfo\u001b[39m","message":"{\"method\":\"GET\",\"url\":\"/api/v1/auth/check-auth\",\"status\":\"304\",\"responseTime\":\"266.551\"}","timestamp":"2025-04-20T04:02:09.172Z"}
{"level":"\u001b[32minfo\u001b[39m","message":"{\"method\":\"GET\",\"url\":\"/api/v1/auth/check-auth\",\"status\":\"304\",\"responseTime\":\"102.007\"}","timestamp":"2025-04-20T04:02:09.278Z"}
{"level":"\u001b[32minfo\u001b[39m","message":"{\"method\":\"GET\",\"url\":\"/api/v1/prediction/predict-mental-health\",\"status\":\"304\",\"responseTime\":\"1090.344\"}","timestamp":"2025-04-20T04:02:09.980Z"}
{"level":"\u001b[32minfo\u001b[39m","message":"{\"method\":\"GET\",\"url\":\"/api/v1/prediction/predict-mental-health\",\"status\":\"304\",\"responseTime\":\"1198.561\"}","timestamp":"2025-04-20T04:02:11.185Z"}
{"level":"\u001b[32minfo\u001b[39m","message":"{\"method\":\"GET\",\"url\":\"/api/v1/prediction/predict-mental-health\",\"status\":\"304\",\"responseTime\":\"751.797\"}","timestamp":"2025-04-20T04:02:11.940Z"}
{"level":"\u001b[32minfo\u001b[39m","message":"{\"method\":\"GET\",\"url\":\"/api/v1/prediction/predict-mental-health\",\"status\":\"304\",\"responseTime\":\"1105.891\"}","timestamp":"2025-04-20T04:02:13.049Z"}
{"level":"\u001b[32minfo\u001b[39m","message":"{\"method\":\"GET\",\"url\":\"/api/v1/prediction/predict-mental-health\",\"status\":\"304\",\"responseTime\":\"1185.372\"}","timestamp":"2025-04-20T04:02:20.753Z"}
{"level":"\u001b[32minfo\u001b[39m","message":"{\"method\":\"GET\",\"url\":\"/api/v1/auth/check-auth\",\"status\":\"304\",\"responseTime\":\"156.252\"}","timestamp":"2025-04-20T04:04:52.548Z"}
{"level":"\u001b[32minfo\u001b[39m","message":"{\"method\":\"GET\",\"url\":\"/api/v1/auth/check-auth\",\"status\":\"304\",\"responseTime\":\"66.716\"}","timestamp":"2025-04-20T04:04:52.635Z"}
{"level":"\u001b[32minfo\u001b[39m","message":"{\"method\":\"GET\",\"url\":\"/api/v1/prediction/predict-mental-health\",\"status\":\"-\",\"responseTime\":\"-\"}","timestamp":"2025-04-20T04:04:53.019Z"}
{"level":"\u001b[32minfo\u001b[39m","message":"{\"method\":\"GET\",\"url\":\"/api/v1/auth/check-auth\",\"status\":\"304\",\"responseTime\":\"45.842\"}","timestamp":"2025-04-20T04:04:53.719Z"}
{"level":"\u001b[32minfo\u001b[39m","message":"{\"method\":\"GET\",\"url\":\"/api/v1/auth/check-auth\",\"status\":\"304\",\"responseTime\":\"41.366\"}","timestamp":"2025-04-20T04:04:53.763Z"}
{"level":"\u001b[32minfo\u001b[39m","message":"{\"method\":\"GET\",\"url\":\"/api/v1/prediction/predict-mental-health\",\"status\":\"200\",\"responseTime\":\"1090.159\"}","timestamp":"2025-04-20T04:04:54.922Z"}
{"level":"\u001b[32minfo\u001b[39m","message":"{\"method\":\"GET\",\"url\":\"/api/v1/prediction/predict-mental-health\",\"status\":\"304\",\"responseTime\":\"571.948\"}","timestamp":"2025-04-20T04:04:55.499Z"}
{"level":"\u001b[32minfo\u001b[39m","message":"{\"method\":\"GET\",\"url\":\"/api/v1/auth/check-auth\",\"status\":\"304\",\"responseTime\":\"51.302\"}","timestamp":"2025-04-20T04:07:40.494Z"}
{"level":"\u001b[32minfo\u001b[39m","message":"{\"method\":\"GET\",\"url\":\"/api/v1/auth/check-auth\",\"status\":\"304\",\"responseTime\":\"47.047\"}","timestamp":"2025-04-20T04:07:40.546Z"}
{"level":"\u001b[32minfo\u001b[39m","message":"{\"method\":\"GET\",\"url\":\"/api/v1/prediction/predict-mental-health\",\"status\":\"304\",\"responseTime\":\"937.624\"}","timestamp":"2025-04-20T04:07:41.515Z"}
{"level":"\u001b[32minfo\u001b[39m","message":"{\"method\":\"GET\",\"url\":\"/api/v1/prediction/predict-mental-health\",\"status\":\"304\",\"responseTime\":\"1178.345\"}","timestamp":"2025-04-20T04:07:42.699Z"}
{"level":"\u001b[32minfo\u001b[39m","message":"{\"method\":\"GET\",\"url\":\"/api/v1/auth/check-auth\",\"status\":\"304\",\"responseTime\":\"473.928\"}","timestamp":"2025-04-20T05:01:52.089Z"}
{"level":"\u001b[32minfo\u001b[39m","message":"{\"method\":\"GET\",\"url\":\"/api/v1/auth/check-auth\",\"status\":\"304\",\"responseTime\":\"87.497\"}","timestamp":"2025-04-20T05:01:52.187Z"}
{"level":"\u001b[32minfo\u001b[39m","message":"{\"method\":\"GET\",\"url\":\"/api/v1/prediction/predict-mental-health\",\"status\":\"304\",\"responseTime\":\"1922.332\"}","timestamp":"2025-04-20T05:01:54.059Z"}
{"level":"\u001b[32minfo\u001b[39m","message":"{\"method\":\"GET\",\"url\":\"/api/v1/prediction/predict-mental-health\",\"status\":\"304\",\"responseTime\":\"621.722\"}","timestamp":"2025-04-20T05:01:54.683Z"}
{"level":"\u001b[32minfo\u001b[39m","message":"{\"method\":\"GET\",\"url\":\"/api/v1/auth/logout\",\"status\":\"304\",\"responseTime\":\"7.599\"}","timestamp":"2025-04-20T05:01:55.699Z"}
{"level":"\u001b[32minfo\u001b[39m","message":"{\"method\":\"GET\",\"url\":\"/api/v1/auth/check-auth\",\"status\":\"400\",\"responseTime\":\"3.303\"}","timestamp":"2025-04-20T05:02:16.414Z"}
{"level":"\u001b[32minfo\u001b[39m","message":"{\"method\":\"GET\",\"url\":\"/api/v1/auth/check-auth\",\"status\":\"400\",\"responseTime\":\"0.602\"}","timestamp":"2025-04-20T05:02:16.420Z"}
{"level":"\u001b[32minfo\u001b[39m","message":"{\"method\":\"POST\",\"url\":\"/api/v1/auth/signup\",\"status\":\"200\",\"responseTime\":\"195.601\"}","timestamp":"2025-04-20T05:02:28.226Z"}
{"level":"\u001b[32minfo\u001b[39m","message":"{\"method\":\"GET\",\"url\":\"/api/v1/prediction/predict-mental-health\",\"status\":\"304\",\"responseTime\":\"2121.054\"}","timestamp":"2025-04-20T05:02:30.379Z"}
{"level":"\u001b[32minfo\u001b[39m","message":"{\"method\":\"GET\",\"url\":\"/api/v1/prediction/predict-mental-health\",\"status\":\"304\",\"responseTime\":\"567.394\"}","timestamp":"2025-04-20T05:02:30.949Z"}
{"level":"\u001b[32minfo\u001b[39m","message":"{\"method\":\"GET\",\"url\":\"/api/v1/auth/logout\",\"status\":\"304\",\"responseTime\":\"10.725\"}","timestamp":"2025-04-20T05:12:47.707Z"}
{"level":"\u001b[32minfo\u001b[39m","message":"{\"method\":\"POST\",\"url\":\"/api/v1/auth/signup\",\"status\":\"500\",\"responseTime\":\"426.683\"}","timestamp":"2025-04-20T05:13:03.498Z"}
{"level":"\u001b[32minfo\u001b[39m","message":"{\"method\":\"GET\",\"url\":\"/api/v1/auth/check-auth\",\"status\":\"400\",\"responseTime\":\"2.330\"}","timestamp":"2025-04-20T05:13:41.798Z"}
{"level":"\u001b[32minfo\u001b[39m","message":"{\"method\":\"GET\",\"url\":\"/api/v1/auth/check-auth\",\"status\":\"400\",\"responseTime\":\"0.423\"}","timestamp":"2025-04-20T05:13:41.802Z"}
{"level":"\u001b[32minfo\u001b[39m","message":"{\"method\":\"POST\",\"url\":\"/api/v1/auth/signup\",\"status\":\"200\",\"responseTime\":\"286.494\"}","timestamp":"2025-04-20T05:13:54.243Z"}
{"level":"\u001b[32minfo\u001b[39m","message":"{\"method\":\"GET\",\"url\":\"/api/v1/auth/check-auth\",\"status\":\"200\",\"responseTime\":\"348.538\"}","timestamp":"2025-04-20T05:14:31.723Z"}
{"level":"\u001b[32minfo\u001b[39m","message":"{\"method\":\"GET\",\"url\":\"/api/v1/auth/check-auth\",\"status\":\"304\",\"responseTime\":\"61.891\"}","timestamp":"2025-04-20T05:14:31.789Z"}
{"level":"\u001b[32minfo\u001b[39m","message":"{\"method\":\"GET\",\"url\":\"/api/v1/auth/check-auth\",\"status\":\"304\",\"responseTime\":\"37.232\"}","timestamp":"2025-04-20T05:15:16.898Z"}
{"level":"\u001b[32minfo\u001b[39m","message":"{\"method\":\"GET\",\"url\":\"/api/v1/auth/check-auth\",\"status\":\"304\",\"responseTime\":\"36.054\"}","timestamp":"2025-04-20T05:15:16.937Z"}
{"level":"\u001b[32minfo\u001b[39m","message":"{\"method\":\"GET\",\"url\":\"/api/v1/auth/check-auth\",\"status\":\"304\",\"responseTime\":\"182.123\"}","timestamp":"2025-04-20T05:17:18.515Z"}
{"level":"\u001b[32minfo\u001b[39m","message":"{\"method\":\"GET\",\"url\":\"/api/v1/auth/check-auth\",\"status\":\"304\",\"responseTime\":\"198.740\"}","timestamp":"2025-04-20T05:17:18.720Z"}
{"level":"\u001b[32minfo\u001b[39m","message":"{\"method\":\"GET\",\"url\":\"/api/v1/data/smartwatch-user\",\"status\":\"200\",\"responseTime\":\"766.044\"}","timestamp":"2025-04-20T05:18:58.461Z"}
{"level":"\u001b[32minfo\u001b[39m","message":"{\"method\":\"POST\",\"url\":\"/api/v1/data/upload\",\"status\":\"200\",\"responseTime\":\"1186.640\"}","timestamp":"2025-04-20T05:18:58.611Z"}
{"level":"\u001b[32minfo\u001b[39m","message":"{\"method\":\"GET\",\"url\":\"/api/v1/auth/check-auth\",\"status\":\"200\",\"responseTime\":\"324.783\"}","timestamp":"2025-04-20T05:18:59.140Z"}
{"level":"\u001b[32minfo\u001b[39m","message":"{\"method\":\"GET\",\"url\":\"/api/v1/auth/check-auth\",\"status\":\"304\",\"responseTime\":\"51.621\"}","timestamp":"2025-04-20T05:18:59.194Z"}
{"level":"\u001b[32minfo\u001b[39m","message":"{\"method\":\"GET\",\"url\":\"/api/v1/prediction/predict-mental-health\",\"status\":\"200\",\"responseTime\":\"4526.163\"}","timestamp":"2025-04-20T05:19:03.751Z"}
{"level":"\u001b[32minfo\u001b[39m","message":"{\"method\":\"GET\",\"url\":\"/api/v1/prediction/predict-mental-health\",\"status\":\"304\",\"responseTime\":\"1196.881\"}","timestamp":"2025-04-20T05:19:04.950Z"}
{"level":"\u001b[32minfo\u001b[39m","message":"{\"method\":\"GET\",\"url\":\"/api/v1/auth/logout\",\"status\":\"304\",\"responseTime\":\"3.121\"}","timestamp":"2025-04-20T05:23:37.452Z"}
{"level":"\u001b[32minfo\u001b[39m","message":"{\"method\":\"POST\",\"url\":\"/api/v1/auth/signup\",\"status\":\"200\",\"responseTime\":\"590.144\"}","timestamp":"2025-04-20T05:29:54.248Z"}
{"level":"\u001b[32minfo\u001b[39m","message":"{\"method\":\"GET\",\"url\":\"/api/v1/data/smartwatch-user\",\"status\":\"200\",\"responseTime\":\"1455.213\"}","timestamp":"2025-04-20T05:30:56.276Z"}
{"level":"\u001b[32minfo\u001b[39m","message":"{\"method\":\"POST\",\"url\":\"/api/v1/data/upload\",\"status\":\"200\",\"responseTime\":\"1593.401\"}","timestamp":"2025-04-20T05:30:56.325Z"}
{"level":"\u001b[32minfo\u001b[39m","message":"{\"method\":\"GET\",\"url\":\"/api/v1/auth/check-auth\",\"status\":\"200\",\"responseTime\":\"41.485\"}","timestamp":"2025-04-20T05:30:56.867Z"}
{"level":"\u001b[32minfo\u001b[39m","message":"{\"method\":\"GET\",\"url\":\"/api/v1/auth/check-auth\",\"status\":\"304\",\"responseTime\":\"44.822\"}","timestamp":"2025-04-20T05:30:56.914Z"}
{"level":"\u001b[32minfo\u001b[39m","message":"{\"method\":\"GET\",\"url\":\"/api/v1/prediction/predict-mental-health\",\"status\":\"200\",\"responseTime\":\"1348.787\"}","timestamp":"2025-04-20T05:30:58.312Z"}
{"level":"\u001b[32minfo\u001b[39m","message":"{\"method\":\"GET\",\"url\":\"/api/v1/prediction/predict-mental-health\",\"status\":\"200\",\"responseTime\":\"598.792\"}","timestamp":"2025-04-20T05:30:58.914Z"}
{"level":"\u001b[32minfo\u001b[39m","message":"{\"method\":\"GET\",\"url\":\"/api/v1/auth/check-auth\",\"status\":\"304\",\"responseTime\":\"136.060\"}","timestamp":"2025-04-20T05:43:59.428Z"}
{"level":"\u001b[32minfo\u001b[39m","message":"{\"method\":\"GET\",\"url\":\"/api/v1/auth/check-auth\",\"status\":\"304\",\"responseTime\":\"54.689\"}","timestamp":"2025-04-20T05:43:59.494Z"}
{"level":"\u001b[32minfo\u001b[39m","message":"{\"method\":\"GET\",\"url\":\"/api/v1/prediction/predict-mental-health\",\"status\":\"200\",\"responseTime\":\"1370.857\"}","timestamp":"2025-04-20T05:44:00.845Z"}
{"level":"\u001b[32minfo\u001b[39m","message":"{\"method\":\"GET\",\"url\":\"/api/v1/prediction/predict-mental-health\",\"status\":\"200\",\"responseTime\":\"562.567\"}","timestamp":"2025-04-20T05:44:01.411Z"}
{"level":"\u001b[32minfo\u001b[39m","message":"{\"method\":\"GET\",\"url\":\"/api/v1/prediction/predict-mental-health\",\"status\":\"400\",\"responseTime\":\"119.787\"}","timestamp":"2025-04-20T05:50:34.311Z"}
{"level":"\u001b[32minfo\u001b[39m","message":"{\"method\":\"GET\",\"url\":\"/api/v1/auth/check-auth\",\"status\":\"304\",\"responseTime\":\"43.362\"}","timestamp":"2025-04-20T06:23:08.442Z"}
{"level":"\u001b[32minfo\u001b[39m","message":"{\"method\":\"GET\",\"url\":\"/api/v1/auth/check-auth\",\"status\":\"304\",\"responseTime\":\"33.175\"}","timestamp":"2025-04-20T06:23:08.478Z"}
{"level":"\u001b[32minfo\u001b[39m","message":"{\"method\":\"GET\",\"url\":\"/api/v1/prediction/predict-mental-health\",\"status\":\"304\",\"responseTime\":\"802.893\"}","timestamp":"2025-04-20T06:23:09.283Z"}
{"level":"\u001b[32minfo\u001b[39m","message":"{\"method\":\"GET\",\"url\":\"/api/v1/prediction/predict-mental-health\",\"status\":\"200\",\"responseTime\":\"1239.702\"}","timestamp":"2025-04-20T06:23:10.525Z"}
